----------------------------------------
Diagnostic Summary
----------------------------------------
Session ID: 0
Process PID: 23991
Duration: 0m 2s
Events Logged: 287
LoginSessions: 0
startActivity: 0
blockedHttpView: 0
onNewIntent: 0
Exceptions: 0
Export Status: SUCCESS
Output File:
Download/pubg_diag_23991.log
----------------------------------------

---- FULL LOG (oldest first) ----
#1 [٠٣:٤٠:١٩.٩٣١] S0 LOADLIB_boxapp_ok
#2 [٠٣:٤٠:١٩.٩٣٤] S0 APP_attachBaseContext
#3 [٠٣:٤٠:١٩.٩٣٩] S0 CRASH_HANDLER_INSTALLED
#4 [٠٣:٤٠:١٩.٩٨٦] S0 HOOK_REGISTER setTaskDescription
#5 [٠٣:٤٠:١٩.٩٨٨] S0 HOOK_REGISTER getCallingPackage
#6 [٠٣:٤٠:١٩.٩٨٩] S0 HOOK_REGISTER getCallingActivity
#7 [٠٣:٤٠:١٩.٩٩٠] S0 HOOK_REGISTER startIntentSenderForResult
#8 [٠٣:٤٠:١٩.٩٩١] S0 HOOK_REGISTER startActivity
#9 [٠٣:٤٠:١٩.٩٩٣] S0 HOOK_REGISTER startActivities
#10 [٠٣:٤٠:١٩.٩٩٤] S0 HOOK_REGISTER getAppTasks
#11 [٠٣:٤٠:١٩.٩٩٥] S0 HOOK_REGISTER finishActivity
#12 [٠٣:٤٠:١٩.٩٩٨] S0 HOOK_REGISTER activityResumed
#13 [٠٣:٤٠:٢٠.٠٠٤] S0 HOOK_REGISTER activityDestroyed
#14 [٠٣:٤٠:٢٠.٠٠٧] S0 HOOK_REGISTER getNetworkStatsUidDetail
#15 [٠٣:٤٠:٢٠.٠١٠] S0 HOOK_REGISTER listen
#16 [٠٣:٤٠:٢٠.٠١١] S0 HOOK_REGISTER listenForSubscriber
#17 [٠٣:٤٠:٢٠.٠١٥] S0 HOOK_REGISTER cancelToast
#18 [٠٣:٤٠:٢٠.٠١٧] S0 HOOK_REGISTER enqueueToastEx
#19 [٠٣:٤٠:٢٠.٠١٨] S0 HOOK_REGISTER enqueueToastForLog
#20 [٠٣:٤٠:٢٠.٠١٩] S0 HOOK_REGISTER enqueueToast
#21 [٠٣:٤٠:٢٠.٠٢٠] S0 HOOK_REGISTER getNotificationChannelGroups
#22 [٠٣:٤٠:٢٠.٠٢١] S0 HOOK_REGISTER deleteNotificationChannelGroup
#23 [٠٣:٤٠:٢٠.٠٢٢] S0 HOOK_REGISTER createNotificationChannelGroups
#24 [٠٣:٤٠:٢٠.٠٢٣] S0 HOOK_REGISTER deleteNotificationChannel
#25 [٠٣:٤٠:٢٠.٠٢٥] S0 HOOK_REGISTER createNotificationChannels
#26 [٠٣:٤٠:٢٠.٠٢٦] S0 HOOK_REGISTER enqueueNotificationWithTag
#27 [٠٣:٤٠:٢٠.٠٢٨] S0 HOOK_REGISTER cancelNotificationWithTag
#28 [٠٣:٤٠:٢٠.٠٢٩] S0 HOOK_REGISTER getNotificationChannels
#29 [٠٣:٤٠:٢٠.٠٣٠] S0 HOOK_REGISTER getNotificationChannel
#30 [٠٣:٤٠:٢٠.٠٣٨] S0 HOOK_REGISTER establishVpn
#31 [٠٣:٤٠:٢٠.٠٣٩] S0 HOOK_REGISTER prepareVpn
#32 [٠٣:٤٠:٢٠.٠٤٠] S0 HOOK_REGISTER setVpnPackageAuthorization
#33 [٠٣:٤٠:٢٠.٠٤٢] S0 HOOK_REGISTER sendMultipartText
#34 [٠٣:٤٠:٢٠.٠٤٣] S0 HOOK_REGISTER sendText
#35 [٠٣:٤٠:٢٠.٠٤٥] S0 HOOK_REGISTER sendData
#36 [٠٣:٤٠:٢٠.٠٤٦] S0 HOOK_REGISTER copyMessageToIccEf
#37 [٠٣:٤٠:٢٠.٠٤٧] S0 HOOK_REGISTER updateMessageOnIccEf
#38 [٠٣:٤٠:٢٠.٠٤٨] S0 HOOK_REGISTER getAllMessagesFromIccEf
#39 [٠٣:٤٠:٢٠.٠٤٩] S0 HOOK_REGISTER sendMultipartTextForSubscriber
#40 [٠٣:٤٠:٢٠.٠٤٩] S0 HOOK_REGISTER sendTextForSubscriber
#41 [٠٣:٤٠:٢٠.٠٥٠] S0 HOOK_REGISTER sendDataForSubscriber
#42 [٠٣:٤٠:٢٠.٠٥١] S0 HOOK_REGISTER copyMessageToIccEfForSubscriber
#43 [٠٣:٤٠:٢٠.٠٥٢] S0 HOOK_REGISTER updateMessageOnIccEfForSubscriber
#44 [٠٣:٤٠:٢٠.٠٥٢] S0 HOOK_REGISTER getAllMessagesFromIccEfForSubscriber
#45 [٠٣:٤٠:٢٠.٠٥٤] S0 HOOK_REGISTER getLine1NumberForSubscriber
#46 [٠٣:٤٠:٢٠.٠٥٨] S0 HOOK_REGISTER setTaskDescription
#47 [٠٣:٤٠:٢٠.٠٥٩] S0 HOOK_REGISTER activityDestroyed
#48 [٠٣:٤٠:٢٠.٠٥٩] S0 HOOK_REGISTER activityResumed
#49 [٠٣:٤٠:٢٠.٠٦٠] S0 HOOK_REGISTER finishActivity
#50 [٠٣:٤٠:٢٠.٠٦٦] S0 HOOK_REGISTER setSplashScreenTheme
#51 [٠٣:٤٠:٢٠.٠٦٨] S0 HOOK_REGISTER checkPermission
#52 [٠٣:٤٠:٢٠.٠٦٩] S0 HOOK_REGISTER checkPackageStartable
#53 [٠٣:٤٠:٢٠.٠٦٩] S0 HOOK_REGISTER queryIntentActivities
#54 [٠٣:٤٠:٢٠.٠٦٩] S0 HOOK_REGISTER getPackageInfoVersioned
#55 [٠٣:٤٠:٢٠.٠٦٩] S0 HOOK_REGISTER getPreferredActivities
#56 [٠٣:٤٠:٢٠.٠٧٠] S0 HOOK_REGISTER canForwardTo
#57 [٠٣:٤٠:٢٠.٠٧٠] S0 HOOK_REGISTER getComponentEnabledSetting
#58 [٠٣:٤٠:٢٠.٠٧٠] S0 HOOK_REGISTER getSharedLibraries
#59 [٠٣:٤٠:٢٠.٠٧١] S0 HOOK_REGISTER getPermissions
#60 [٠٣:٤٠:٢٠.٠٧١] S0 HOOK_REGISTER getInstallerPackageName
#61 [٠٣:٤٠:٢٠.٠٧١] S0 HOOK_REGISTER getPackagesForUid
#62 [٠٣:٤٠:٢٠.٠٧٢] S0 HOOK_REGISTER canRequestPackageInstalls
#63 [٠٣:٤٠:٢٠.٠٧٢] S0 HOOK_REGISTER resolveContentProvider
#64 [٠٣:٤٠:٢٠.٠٧٢] S0 HOOK_REGISTER queryIntentReceivers
#65 [٠٣:٤٠:٢٠.٠٧٢] S0 HOOK_REGISTER queryContentProviders
#66 [٠٣:٤٠:٢٠.٠٧٣] S0 HOOK_REGISTER getApplicationInfo
#67 [٠٣:٤٠:٢٠.٠٧٣] S0 HOOK_REGISTER getInstalledPackages
#68 [٠٣:٤٠:٢٠.٠٧٣] S0 HOOK_REGISTER getPackageGids
#69 [٠٣:٤٠:٢٠.٠٧٣] S0 HOOK_REGISTER getInstalledApplications
#70 [٠٣:٤٠:٢٠.٠٧٤] S0 HOOK_REGISTER getServiceInfo
#71 [٠٣:٤٠:٢٠.٠٧٤] S0 HOOK_REGISTER getPackageUidEtc
#72 [٠٣:٤٠:٢٠.٠٧٤] S0 HOOK_REGISTER getActivityInfo
#73 [٠٣:٤٠:٢٠.٠٧٥] S0 HOOK_REGISTER getReceiverInfo
#74 [٠٣:٤٠:٢٠.٠٧٥] S0 HOOK_REGISTER getProviderInfo
#75 [٠٣:٤٠:٢٠.٠٧٥] S0 HOOK_REGISTER setApplicationBlockedSettingAsUser
#76 [٠٣:٤٠:٢٠.٠٧٥] S0 HOOK_REGISTER getPackageUid
#77 [٠٣:٤٠:٢٠.٠٧٦] S0 HOOK_REGISTER getPackageInfo
#78 [٠٣:٤٠:٢٠.٠٧٦] S0 HOOK_REGISTER setComponentEnabledSetting
#79 [٠٣:٤٠:٢٠.٠٧٦] S0 HOOK_REGISTER resolveService
#80 [٠٣:٤٠:٢٠.٠٧٦] S0 HOOK_REGISTER resolveIntent
#81 [٠٣:٤٠:٢٠.٠٧٨] S0 HOOK_REGISTER pushDynamicShortcut
#82 [٠٣:٤٠:٢٠.٠٧٨] S0 HOOK_REGISTER createShortcutResultIntent
#83 [٠٣:٤٠:٢٠.٠٧٨] S0 HOOK_REGISTER addDynamicShortcuts
#84 [٠٣:٤٠:٢٠.٠٧٩] S0 HOOK_REGISTER setDynamicShortcuts
#85 [٠٣:٤٠:٢٠.٠٧٩] S0 HOOK_REGISTER requestPinShortcut
#86 [٠٣:٤٠:٢٠.٠٨٤] S0 HOOK_REGISTER setExtraLocationControllerPackageEnabled
#87 [٠٣:٤٠:٢٠.٠٨٤] S0 HOOK_REGISTER isProviderEnabledForUser
#88 [٠٣:٤٠:٢٠.٠٨٤] S0 HOOK_REGISTER getAllProviders
#89 [٠٣:٤٠:٢٠.٠٨٥] S0 HOOK_REGISTER getBestProvider
#90 [٠٣:٤٠:٢٠.٠٨٥] S0 HOOK_REGISTER removeGpsStatusListener
#91 [٠٣:٤٠:٢٠.٠٨٦] S0 HOOK_REGISTER getProviderProperties
#92 [٠٣:٤٠:٢٠.٠٨٦] S0 HOOK_REGISTER removeUpdates
#93 [٠٣:٤٠:٢٠.٠٨٦] S0 HOOK_REGISTER requestLocationUpdates
#94 [٠٣:٤٠:٢٠.٠٨٦] S0 HOOK_REGISTER getLastKnownLocation
#95 [٠٣:٤٠:٢٠.٠٨٧] S0 HOOK_REGISTER getLastLocation
#96 [٠٣:٤٠:٢٠.٠٨٧] S0 HOOK_REGISTER registerGnssStatusCallback
#97 [٠٣:٤٠:٢٠.٠٨٨] S0 HOOK_REGISTER getApplicationRestrictions
#98 [٠٣:٤٠:٢٠.٠٩٠] S0 HOOK_REGISTER unregisterAccountListener
#99 [٠٣:٤٠:٢٠.٠٩٠] S0 HOOK_REGISTER registerAccountListener
#100 [٠٣:٤٠:٢٠.٠٩١] S0 HOOK_REGISTER getAccountsAndVisibilityForPackage
#101 [٠٣:٤٠:٢٠.٠٩١] S0 HOOK_REGISTER getAccountVisibility
#102 [٠٣:٤٠:٢٠.٠٩١] S0 HOOK_REGISTER setAccountVisibility
#103 [٠٣:٤٠:٢٠.٠٩١] S0 HOOK_REGISTER addAccountExplicitlyWithVisibility
#104 [٠٣:٤٠:٢٠.٠٩٢] S0 HOOK_REGISTER getPackagesAndVisibilityForAccount
#105 [٠٣:٤٠:٢٠.٠٩٢] S0 HOOK_REGISTER getAuthTokenLabel
#106 [٠٣:٤٠:٢٠.٠٩٢] S0 HOOK_REGISTER accountAuthenticated
#107 [٠٣:٤٠:٢٠.٠٩٢] S0 HOOK_REGISTER confirmCredentialsAsUser
#108 [٠٣:٤٠:٢٠.٠٩٣] S0 HOOK_REGISTER editProperties
#109 [٠٣:٤٠:٢٠.٠٩٣] S0 HOOK_REGISTER updateCredentials
#110 [٠٣:٤٠:٢٠.٠٩٤] S0 HOOK_REGISTER addAccountAsUser
#111 [٠٣:٤٠:٢٠.٠٩٤] S0 HOOK_REGISTER addAccount
#112 [٠٣:٤٠:٢٠.٠٩٤] S0 HOOK_REGISTER getAuthToken
#113 [٠٣:٤٠:٢٠.٠٩٤] S0 HOOK_REGISTER updateAppPermission
#114 [٠٣:٤٠:٢٠.٠٩٤] S0 HOOK_REGISTER setUserData
#115 [٠٣:٤٠:٢٠.٠٩٥] S0 HOOK_REGISTER clearPassword
#116 [٠٣:٤٠:٢٠.٠٩٥] S0 HOOK_REGISTER setPassword
#117 [٠٣:٤٠:٢٠.٠٩٥] S0 HOOK_REGISTER setAuthToken
#118 [٠٣:٤٠:٢٠.٠٩٥] S0 HOOK_REGISTER peekAuthToken
#119 [٠٣:٤٠:٢٠.٠٩٥] S0 HOOK_REGISTER invalidateAuthToken
#120 [٠٣:٤٠:٢٠.٠٩٦] S0 HOOK_REGISTER copyAccountToUser
#121 [٠٣:٤٠:٢٠.٠٩٦] S0 HOOK_REGISTER removeAccountExplicitly
#122 [٠٣:٤٠:٢٠.٠٩٦] S0 HOOK_REGISTER removeAccountAsUser
#123 [٠٣:٤٠:٢٠.٠٩٦] S0 HOOK_REGISTER addAccountExplicitly
#124 [٠٣:٤٠:٢٠.٠٩٦] S0 HOOK_REGISTER getAccountsAsUser
#125 [٠٣:٤٠:٢٠.٠٩٧] S0 HOOK_REGISTER getAccountsByFeatures
#126 [٠٣:٤٠:٢٠.٠٩٧] S0 HOOK_REGISTER getAccountByTypeAndFeatures
#127 [٠٣:٤٠:٢٠.٠٩٧] S0 HOOK_REGISTER getAccountsByTypeForPackage
#128 [٠٣:٤٠:٢٠.٠٩٧] S0 HOOK_REGISTER getAccountsForPackage
#129 [٠٣:٤٠:٢٠.٠٩٧] S0 HOOK_REGISTER getAuthenticatorTypes
#130 [٠٣:٤٠:٢٠.٠٩٨] S0 HOOK_REGISTER getUserData
#131 [٠٣:٤٠:٢٠.٠٩٨] S0 HOOK_REGISTER getPassword
#132 [٠٣:٤٠:٢٠.٠٩٩] S0 HOOK_REGISTER startActivityAsUser
#133 [٠٣:٤٠:٢٠.٠٩٩] S0 HOOK_REGISTER getTargetUserProfiles
#134 [٠٣:٤٠:٢٠.١٠١] S0 HOOK_REGISTER enqueue
#135 [٠٣:٤٠:٢٠.١٠١] S0 HOOK_REGISTER cancelAll
#136 [٠٣:٤٠:٢٠.١٠٢] S0 HOOK_REGISTER cancel
#137 [٠٣:٤٠:٢٠.١٠٢] S0 HOOK_REGISTER schedule
#138 [٠٣:٤٠:٢٠.١٠٣] S0 HOOK_REGISTER executeGetCredential
#139 [٠٣:٤٠:٢٠.١٠٤] S0 HOOK_REGISTER isHardwareDetected
#140 [٠٣:٤٠:٢٠.١٠٥] S0 HOOK_REGISTER hasEnrolledFingerprints
#141 [٠٣:٤٠:٢٠.١٠٥] S0 HOOK_REGISTER authenticate
#142 [٠٣:٤٠:٢٠.١٠٥] S0 HOOK_REGISTER cancelAuthentication
#143 [٠٣:٤٠:٢٠.١٠٥] S0 HOOK_REGISTER getEnrolledFingerprints
#144 [٠٣:٤٠:٢٠.١٠٦] S0 HOOK_REGISTER getAuthenticatorId
#145 [٠٣:٤٠:٢٠.١٠٦] S0 HOOK_REGISTER requestBufferForProcess
#146 [٠٣:٤٠:٢٠.١٠٧] S0 HOOK_REGISTER startSession
#147 [٠٣:٤٠:٢٠.١٠٨] S0 HOOK_REGISTER getSystemRoutesForPackage
#148 [٠٣:٤٠:٢٠.١٠٩] S0 HOOK_REGISTER getSystemRoutes
#149 [٠٣:٤٠:٢٠.١٠٩] S0 HOOK_REGISTER registerRouter2
#150 [٠٣:٤٠:٢٠.١٠٩] S0 HOOK_REGISTER registerClientAsUser
#151 [٠٣:٤٠:٢٠.١١٠] S0 HOOK_REGISTER getEnabledInputMethodList
#152 [٠٣:٤٠:٢٠.١١٠] S0 HOOK_REGISTER getInputMethodList
#153 [٠٣:٤٠:٢٠.١١٠] S0 HOOK_REGISTER startInputOrWindowGainedFocus
#154 [٠٣:٤٠:٢٠.١١١] S0 HOOK_REGISTER windowGainedFocus
#155 [٠٣:٤٠:٢٠.١١١] S0 HOOK_REGISTER startInput
#156 [٠٣:٤٠:٢٠.١١٢] S0 HOOK_REGISTER createSession
#157 [٠٣:٤٠:٢٠.١١٣] S0 HOOK_REGISTER establishVpn
#158 [٠٣:٤٠:٢٠.١١٣] S0 HOOK_REGISTER prepareVpn
#159 [٠٣:٤٠:٢٠.١١٣] S0 HOOK_REGISTER setVpnPackageAuthorization
#160 [٠٣:٤٠:٢٠.١١٥] S0 HOOK_REGISTER isDeviceProvisioned
#161 [٠٣:٤٠:٢٠.١١٦] S0 HOOK_REGISTER getProfileOwnerName
#162 [٠٣:٤٠:٢٠.١١٦] S0 HOOK_REGISTER getDeviceOwnerName
#163 [٠٣:٤٠:٢٠.١١٦] S0 HOOK_REGISTER getDeviceOwnerComponent
#164 [٠٣:٤٠:٢٠.١١٦] S0 HOOK_REGISTER getStorageEncryptionStatus
#165 [٠٣:٤٠:٢٠.١١٩] S0 HOOK_REGISTER updateConfiguration
#166 [٠٣:٤٠:٢٠.١٢٠] S0 HOOK_REGISTER unregisterUidObserver
#167 [٠٣:٤٠:٢٠.١٢٠] S0 HOOK_REGISTER unregisterReceiver
#168 [٠٣:٤٠:٢٠.١٢٠] S0 HOOK_REGISTER setServiceForeground
#169 [٠٣:٤٠:٢٠.١٢٠] S0 HOOK_REGISTER setRequestedOrientation
#170 [٠٣:٤٠:٢٠.١٢٠] S0 HOOK_REGISTER registerUidObserver
#171 [٠٣:٤٠:٢٠.١٢١] S0 HOOK_REGISTER getUidForIntentSender
#172 [٠٣:٤٠:٢٠.١٢١] S0 HOOK_REGISTER getPackageForIntentSender
#173 [٠٣:٤٠:٢٠.١٢١] S0 HOOK_REGISTER getHistoricalProcessExitReasons
#174 [٠٣:٤٠:٢٠.١٢١] S0 HOOK_REGISTER getCurrentUser
#175 [٠٣:٤٠:٢٠.١٢٢] S0 HOOK_REGISTER finishReceiver
#176 [٠٣:٤٠:٢٠.١٢٢] S0 HOOK_REGISTER checkUriPermission
#177 [٠٣:٤٠:٢٠.١٢٢] S0 HOOK_REGISTER checkPermission
#178 [٠٣:٤٠:٢٠.١٢٢] S0 HOOK_REGISTER unbindService
#179 [٠٣:٤٠:٢٠.١٢٢] S0 HOOK_REGISTER stopServiceToken
#180 [٠٣:٤٠:٢٠.١٢٣] S0 HOOK_REGISTER stopService
#181 [٠٣:٤٠:٢٠.١٢٣] S0 HOOK_REGISTER startService
#182 [٠٣:٤٠:٢٠.١٢٣] S0 HOOK_REGISTER setTaskDescription
#183 [٠٣:٤٠:٢٠.١٢٣] S0 HOOK_REGISTER sendIntentSender
#184 [٠٣:٤٠:٢٠.١٢٤] S0 HOOK_REGISTER registerReceiverWithFeature
#185 [٠٣:٤٠:٢٠.١٢٤] S0 HOOK_REGISTER registerReceiver
#186 [٠٣:٤٠:٢٠.١٢٥] S0 HOOK_REGISTER publishService
#187 [٠٣:٤٠:٢٠.١٢٦] S0 HOOK_REGISTER peekService
#188 [٠٣:٤٠:٢٠.١٢٧] S0 HOOK_REGISTER grantUriPermission
#189 [٠٣:٤٠:٢٠.١٢٨] S0 HOOK_REGISTER getServices
#190 [٠٣:٤٠:٢٠.١٢٨] S0 HOOK_REGISTER getRunningAppProcesses
#191 [٠٣:٤٠:٢٠.١٢٨] S0 HOOK_REGISTER getIntentSenderWithSourceToken
#192 [٠٣:٤٠:٢٠.١٢٨] S0 HOOK_REGISTER getIntentSenderWithFeature
#193 [٠٣:٤٠:٢٠.١٢٩] S0 HOOK_REGISTER getIntentSender
#194 [٠٣:٤٠:٢٠.١٢٩] S0 HOOK_REGISTER getContentProvider
#195 [٠٣:٤٠:٢٠.١٢٩] S0 HOOK_REGISTER broadcastIntentWithFeature
#196 [٠٣:٤٠:٢٠.١٢٩] S0 HOOK_REGISTER broadcastIntent
#197 [٠٣:٤٠:٢٠.١٣٠] S0 HOOK_REGISTER bindServiceInstance
#198 [٠٣:٤٠:٢٠.١٣٠] S0 HOOK_REGISTER bindService
#199 [٠٣:٤٠:٢٠.١٣٠] S0 HOOK_REGISTER bindIsolatedService
#200 [٠٣:٤٠:٢٠.١٣١] S0 HOOK_REGISTER getCallingPackage
#201 [٠٣:٤٠:٢٠.١٣١] S0 HOOK_REGISTER getCallingActivity
#202 [٠٣:٤٠:٢٠.١٣١] S0 HOOK_REGISTER startIntentSenderForResult
#203 [٠٣:٤٠:٢٠.١٣١] S0 HOOK_REGISTER startActivity
#204 [٠٣:٤٠:٢٠.١٣١] S0 HOOK_REGISTER startActivities
#205 [٠٣:٤٠:٢٠.١٣٢] S0 HOOK_REGISTER getAppTasks
#206 [٠٣:٤٠:٢٠.١٣٢] S0 HOOK_REGISTER finishActivity
#207 [٠٣:٤٠:٢٠.١٣٢] S0 HOOK_REGISTER activityResumed
#208 [٠٣:٤٠:٢٠.١٣٢] S0 HOOK_REGISTER activityDestroyed
#209 [٠٣:٤٠:٢٠.١٤١] S0 HOOK_REGISTER setMicrophoneMute
#210 [٠٣:٤٠:٢٠.١٤١] S0 HOOK_REGISTER isHardwareDetected
#211 [٠٣:٤٠:٢٠.١٤١] S0 HOOK_REGISTER adjustVolume
#212 [٠٣:٤٠:٢٠.١٤٢] S0 HOOK_REGISTER adjustLocalOrRemoteStreamVolume
#213 [٠٣:٤٠:٢٠.١٤٢] S0 HOOK_REGISTER adjustSuggestedStreamVolume
#214 [٠٣:٤٠:٢٠.١٤٢] S0 HOOK_REGISTER adjustStreamVolume
#215 [٠٣:٤٠:٢٠.١٤٢] S0 HOOK_REGISTER adjustMasterVolume
#216 [٠٣:٤٠:٢٠.١٤٢] S0 HOOK_REGISTER setStreamVolume
#217 [٠٣:٤٠:٢٠.١٤٢] S0 HOOK_REGISTER setMasterVolume
#218 [٠٣:٤٠:٢٠.١٤٣] S0 HOOK_REGISTER setRingerModeExternal
#219 [٠٣:٤٠:٢٠.١٤٣] S0 HOOK_REGISTER setRingerModeInternal
#220 [٠٣:٤٠:٢٠.١٤٣] S0 HOOK_REGISTER setMode
#221 [٠٣:٤٠:٢٠.١٤٣] S0 HOOK_REGISTER avrcpSupportsAbsoluteVolume
#222 [٠٣:٤٠:٢٠.١٤٣] S0 HOOK_REGISTER abandonAudioFocus
#223 [٠٣:٤٠:٢٠.١٤٣] S0 HOOK_REGISTER requestAudioFocus
#224 [٠٣:٤٠:٢٠.١٤٤] S0 HOOK_REGISTER setWiredDeviceConnectionState
#225 [٠٣:٤٠:٢٠.١٤٤] S0 HOOK_REGISTER setSpeakerphoneOn
#226 [٠٣:٤٠:٢٠.١٤٤] S0 HOOK_REGISTER setBluetoothScoOn
#227 [٠٣:٤٠:٢٠.١٤٤] S0 HOOK_REGISTER stopBluetoothSco
#228 [٠٣:٤٠:٢٠.١٤٤] S0 HOOK_REGISTER startBluetoothSco
#229 [٠٣:٤٠:٢٠.١٤٥] S0 HOOK_REGISTER disableSafeMediaVolume
#230 [٠٣:٤٠:٢٠.١٤٥] S0 HOOK_REGISTER registerRemoteControlClient
#231 [٠٣:٤٠:٢٠.١٤٥] S0 HOOK_REGISTER unregisterAudioFocusClient
#232 [٠٣:٤٠:٢٠.١٤٦] S0 HOOK_REGISTER getSerialForPackage
#233 [٠٣:٤٠:٢٠.١٤٧] S0 HOOK_REGISTER getUsers
#234 [٠٣:٤٠:٢٠.١٤٨] S0 HOOK_REGISTER getProfileParent
#235 [٠٣:٤٠:٢٠.١٤٨] S0 HOOK_REGISTER getApplicationRestrictions
#236 [٠٣:٤٠:٢٠.١٤٩] S0 HOOK_REGISTER hasScheduleExactAlarm
#237 [٠٣:٤٠:٢٠.١٤٩] S0 HOOK_REGISTER canScheduleExactAlarms
#238 [٠٣:٤٠:٢٠.١٤٩] S0 HOOK_REGISTER setTime
#239 [٠٣:٤٠:٢٠.١٤٩] S0 HOOK_REGISTER setTimeZone
#240 [٠٣:٤٠:٢٠.١٤٩] S0 HOOK_REGISTER set
#241 [٠٣:٤٠:٢٠.١٥١] S0 HOOK_REGISTER execve
#242 [٠٣:٤٠:٢٠.١٥١] S0 HOOK_REGISTER stat
#243 [٠٣:٤٠:٢٠.١٥١] S0 HOOK_REGISTER getuid
#244 [٠٣:٤٠:٢٠.١٥٣] S0 HOOK_REGISTER noteOperation
#245 [٠٣:٤٠:٢٠.١٥٤] S0 HOOK_REGISTER checkOperation
#246 [٠٣:٤٠:٢٠.١٥٤] S0 HOOK_REGISTER checkPackage
#247 [٠٣:٤٠:٢٠.١٥٤] S0 HOOK_REGISTER noteProxyOperation
#248 [٠٣:٤٠:٢٠.١٥٦] S0 HOOK_REGISTER notifyChange
#249 [٠٣:٤٠:٢٠.١٥٦] S0 HOOK_REGISTER registerContentObserver
#250 [٠٣:٤٠:٢٠.١٥٧] S0 HOOK_REGISTER interrupt
#251 [٠٣:٤٠:٢٠.١٥٨] S0 HOOK_REGISTER sendAccessibilityEvent
#252 [٠٣:٤٠:٢٠.١٥٨] S0 HOOK_REGISTER addClient
#253 [٠٣:٤٠:٢٠.١٥٨] S0 HOOK_REGISTER getInstalledAccessibilityServiceList
#254 [٠٣:٤٠:٢٠.١٥٨] S0 HOOK_REGISTER getEnabledAccessibilityServiceList
#255 [٠٣:٤٠:٢٠.١٥٨] S0 HOOK_REGISTER addAccessibilityInteractionConnection
#256 [٠٣:٤٠:٢٠.١٥٨] S0 HOOK_REGISTER getWindowToken
#257 [٠٣:٤٠:٢٠.١٦١] S0 HOOK_REGISTER isPackageWaterfallExpanded
#258 [٠٣:٤٠:٢٠.١٦١] S0 HOOK_REGISTER setScreenCaptureDisabled
#259 [٠٣:٤٠:٢٠.١٦٢] S0 HOOK_REGISTER addAppToken
#260 [٠٣:٤٠:٢٠.١٦٢] S0 HOOK_REGISTER overridePendingAppTransition
#261 [٠٣:٤٠:٢٠.١٦٢] S0 HOOK_REGISTER overridePendingAppTransitionInPlace
#262 [٠٣:٤٠:٢٠.١٦٢] S0 HOOK_REGISTER setAppStartingWindow
#263 [٠٣:٤٠:٢٠.١٦٢] S0 HOOK_REGISTER openSession
#264 [٠٣:٤٠:٢٠.١٦٤] S0 HOOK_REGISTER dataChanged
#265 [٠٣:٤٠:٢٠.١٦٤] S0 HOOK_REGISTER clearBackupData
#266 [٠٣:٤٠:٢٠.١٦٤] S0 HOOK_REGISTER agentConnected
#267 [٠٣:٤٠:٢٠.١٦٥] S0 HOOK_REGISTER agentDisconnected
#268 [٠٣:٤٠:٢٠.١٦٥] S0 HOOK_REGISTER restoreAtInstall
#269 [٠٣:٤٠:٢٠.١٦٥] S0 HOOK_REGISTER setBackupEnabled
#270 [٠٣:٤٠:٢٠.١٦٥] S0 HOOK_REGISTER setBackupProvisioned
#271 [٠٣:٤٠:٢٠.١٦٥] S0 HOOK_REGISTER backupNow
#272 [٠٣:٤٠:٢٠.١٦٦] S0 HOOK_REGISTER fullBackup
#273 [٠٣:٤٠:٢٠.١٦٦] S0 HOOK_REGISTER fullTransportBackup
#274 [٠٣:٤٠:٢٠.١٦٦] S0 HOOK_REGISTER fullRestore
#275 [٠٣:٤٠:٢٠.١٦٦] S0 HOOK_REGISTER acknowledgeFullBackupOrRestore
#276 [٠٣:٤٠:٢٠.١٦٦] S0 HOOK_REGISTER getCurrentTransport
#277 [٠٣:٤٠:٢٠.١٦٧] S0 HOOK_REGISTER listAllTransports
#278 [٠٣:٤٠:٢٠.١٦٧] S0 HOOK_REGISTER selectBackupTransport
#279 [٠٣:٤٠:٢٠.١٦٧] S0 HOOK_REGISTER isBackupEnabled
#280 [٠٣:٤٠:٢٠.١٦٧] S0 HOOK_REGISTER setBackupPassword
#281 [٠٣:٤٠:٢٠.١٦٧] S0 HOOK_REGISTER hasBackupPassword
#282 [٠٣:٤٠:٢٠.١٦٨] S0 HOOK_REGISTER beginRestoreSession
#283 [٠٣:٤٠:٢٠.١٧٠] S0 HOOK_REGISTER mkdirs
#284 [٠٣:٤٠:٢٠.١٧٠] S0 HOOK_REGISTER getVolumeList
#285 [٠٣:٤٠:٢٠.١٧٠] S0 HOOK_REGISTER fixupAppDir
#286 [٠٣:٤٠:٢٠.١٩٥] S0 GUEST_callApplicationOnCreate
#287 [٠٣:٤٠:٢٠.١٩٦] S0 APP_onCreate
