----------------------------------------
Diagnostic Summary
----------------------------------------
Session ID: 0
Process PID: 24332
Duration: 0m 2s
Events Logged: 287
LoginSessions: 0
startActivity: 0
blockedHttpView: 0
onNewIntent: 0
Exceptions: 0
Export Status: SUCCESS
Output File:
Download/pubg_diag_24332.log
----------------------------------------

---- FULL LOG (oldest first) ----
#1 [٠٣:٤٠:٣٨.٨٦١] S0 LOADLIB_boxapp_ok
#2 [٠٣:٤٠:٣٨.٨٦٣] S0 APP_attachBaseContext
#3 [٠٣:٤٠:٣٨.٨٦٤] S0 CRASH_HANDLER_INSTALLED
#4 [٠٣:٤٠:٣٨.٨٩٥] S0 HOOK_REGISTER setTaskDescription
#5 [٠٣:٤٠:٣٨.٨٩٦] S0 HOOK_REGISTER getCallingPackage
#6 [٠٣:٤٠:٣٨.٨٩٧] S0 HOOK_REGISTER getCallingActivity
#7 [٠٣:٤٠:٣٨.٨٩٨] S0 HOOK_REGISTER startIntentSenderForResult
#8 [٠٣:٤٠:٣٨.٨٩٩] S0 HOOK_REGISTER startActivity
#9 [٠٣:٤٠:٣٨.٩٠٠] S0 HOOK_REGISTER startActivities
#10 [٠٣:٤٠:٣٨.٩٠١] S0 HOOK_REGISTER getAppTasks
#11 [٠٣:٤٠:٣٨.٩٠٢] S0 HOOK_REGISTER finishActivity
#12 [٠٣:٤٠:٣٨.٩٠٣] S0 HOOK_REGISTER activityResumed
#13 [٠٣:٤٠:٣٨.٩٠٤] S0 HOOK_REGISTER activityDestroyed
#14 [٠٣:٤٠:٣٨.٩٠٦] S0 HOOK_REGISTER getNetworkStatsUidDetail
#15 [٠٣:٤٠:٣٨.٩٠٩] S0 HOOK_REGISTER listen
#16 [٠٣:٤٠:٣٨.٩١٠] S0 HOOK_REGISTER listenForSubscriber
#17 [٠٣:٤٠:٣٨.٩١٣] S0 HOOK_REGISTER cancelToast
#18 [٠٣:٤٠:٣٨.٩١٤] S0 HOOK_REGISTER enqueueToastEx
#19 [٠٣:٤٠:٣٨.٩١٥] S0 HOOK_REGISTER enqueueToastForLog
#20 [٠٣:٤٠:٣٨.٩١٦] S0 HOOK_REGISTER enqueueToast
#21 [٠٣:٤٠:٣٨.٩١٧] S0 HOOK_REGISTER getNotificationChannelGroups
#22 [٠٣:٤٠:٣٨.٩١٨] S0 HOOK_REGISTER deleteNotificationChannelGroup
#23 [٠٣:٤٠:٣٨.٩١٩] S0 HOOK_REGISTER createNotificationChannelGroups
#24 [٠٣:٤٠:٣٨.٩٢٠] S0 HOOK_REGISTER deleteNotificationChannel
#25 [٠٣:٤٠:٣٨.٩٢١] S0 HOOK_REGISTER createNotificationChannels
#26 [٠٣:٤٠:٣٨.٩٢٢] S0 HOOK_REGISTER enqueueNotificationWithTag
#27 [٠٣:٤٠:٣٨.٩٢٣] S0 HOOK_REGISTER cancelNotificationWithTag
#28 [٠٣:٤٠:٣٨.٩٢٣] S0 HOOK_REGISTER getNotificationChannels
#29 [٠٣:٤٠:٣٨.٩٢٤] S0 HOOK_REGISTER getNotificationChannel
#30 [٠٣:٤٠:٣٨.٩٢٨] S0 HOOK_REGISTER establishVpn
#31 [٠٣:٤٠:٣٨.٩٢٩] S0 HOOK_REGISTER prepareVpn
#32 [٠٣:٤٠:٣٨.٩٣٠] S0 HOOK_REGISTER setVpnPackageAuthorization
#33 [٠٣:٤٠:٣٨.٩٣٣] S0 HOOK_REGISTER sendMultipartText
#34 [٠٣:٤٠:٣٨.٩٣٤] S0 HOOK_REGISTER sendText
#35 [٠٣:٤٠:٣٨.٩٣٥] S0 HOOK_REGISTER sendData
#36 [٠٣:٤٠:٣٨.٩٣٦] S0 HOOK_REGISTER copyMessageToIccEf
#37 [٠٣:٤٠:٣٨.٩٣٧] S0 HOOK_REGISTER updateMessageOnIccEf
#38 [٠٣:٤٠:٣٨.٩٣٨] S0 HOOK_REGISTER getAllMessagesFromIccEf
#39 [٠٣:٤٠:٣٨.٩٣٩] S0 HOOK_REGISTER sendMultipartTextForSubscriber
#40 [٠٣:٤٠:٣٨.٩٤٠] S0 HOOK_REGISTER sendTextForSubscriber
#41 [٠٣:٤٠:٣٨.٩٤١] S0 HOOK_REGISTER sendDataForSubscriber
#42 [٠٣:٤٠:٣٨.٩٤٢] S0 HOOK_REGISTER copyMessageToIccEfForSubscriber
#43 [٠٣:٤٠:٣٨.٩٤٣] S0 HOOK_REGISTER updateMessageOnIccEfForSubscriber
#44 [٠٣:٤٠:٣٨.٩٤٤] S0 HOOK_REGISTER getAllMessagesFromIccEfForSubscriber
#45 [٠٣:٤٠:٣٨.٩٤٦] S0 HOOK_REGISTER getLine1NumberForSubscriber
#46 [٠٣:٤٠:٣٨.٩٤٩] S0 HOOK_REGISTER setTaskDescription
#47 [٠٣:٤٠:٣٨.٩٥٠] S0 HOOK_REGISTER activityDestroyed
#48 [٠٣:٤٠:٣٨.٩٥١] S0 HOOK_REGISTER activityResumed
#49 [٠٣:٤٠:٣٨.٩٥١] S0 HOOK_REGISTER finishActivity
#50 [٠٣:٤٠:٣٨.٩٥٦] S0 HOOK_REGISTER setSplashScreenTheme
#51 [٠٣:٤٠:٣٨.٩٥٧] S0 HOOK_REGISTER checkPermission
#52 [٠٣:٤٠:٣٨.٩٥٨] S0 HOOK_REGISTER checkPackageStartable
#53 [٠٣:٤٠:٣٨.٩٥٨] S0 HOOK_REGISTER queryIntentActivities
#54 [٠٣:٤٠:٣٨.٩٥٩] S0 HOOK_REGISTER getPackageInfoVersioned
#55 [٠٣:٤٠:٣٨.٩٦٠] S0 HOOK_REGISTER getPreferredActivities
#56 [٠٣:٤٠:٣٨.٩٦١] S0 HOOK_REGISTER canForwardTo
#57 [٠٣:٤٠:٣٨.٩٦١] S0 HOOK_REGISTER getComponentEnabledSetting
#58 [٠٣:٤٠:٣٨.٩٦٢] S0 HOOK_REGISTER getSharedLibraries
#59 [٠٣:٤٠:٣٨.٩٦٣] S0 HOOK_REGISTER getPermissions
#60 [٠٣:٤٠:٣٨.٩٦٣] S0 HOOK_REGISTER getInstallerPackageName
#61 [٠٣:٤٠:٣٨.٩٦٤] S0 HOOK_REGISTER getPackagesForUid
#62 [٠٣:٤٠:٣٨.٩٦٤] S0 HOOK_REGISTER canRequestPackageInstalls
#63 [٠٣:٤٠:٣٨.٩٦٥] S0 HOOK_REGISTER resolveContentProvider
#64 [٠٣:٤٠:٣٨.٩٦٥] S0 HOOK_REGISTER queryIntentReceivers
#65 [٠٣:٤٠:٣٨.٩٦٦] S0 HOOK_REGISTER queryContentProviders
#66 [٠٣:٤٠:٣٨.٩٦٦] S0 HOOK_REGISTER getApplicationInfo
#67 [٠٣:٤٠:٣٨.٩٦٦] S0 HOOK_REGISTER getInstalledPackages
#68 [٠٣:٤٠:٣٨.٩٦٧] S0 HOOK_REGISTER getPackageGids
#69 [٠٣:٤٠:٣٨.٩٦٧] S0 HOOK_REGISTER getInstalledApplications
#70 [٠٣:٤٠:٣٨.٩٦٨] S0 HOOK_REGISTER getServiceInfo
#71 [٠٣:٤٠:٣٨.٩٦٨] S0 HOOK_REGISTER getPackageUidEtc
#72 [٠٣:٤٠:٣٨.٩٦٨] S0 HOOK_REGISTER getActivityInfo
#73 [٠٣:٤٠:٣٨.٩٦٩] S0 HOOK_REGISTER getReceiverInfo
#74 [٠٣:٤٠:٣٨.٩٦٩] S0 HOOK_REGISTER getProviderInfo
#75 [٠٣:٤٠:٣٨.٩٧٠] S0 HOOK_REGISTER setApplicationBlockedSettingAsUser
#76 [٠٣:٤٠:٣٨.٩٧٠] S0 HOOK_REGISTER getPackageUid
#77 [٠٣:٤٠:٣٨.٩٧٠] S0 HOOK_REGISTER getPackageInfo
#78 [٠٣:٤٠:٣٨.٩٧١] S0 HOOK_REGISTER setComponentEnabledSetting
#79 [٠٣:٤٠:٣٨.٩٧١] S0 HOOK_REGISTER resolveService
#80 [٠٣:٤٠:٣٨.٩٧١] S0 HOOK_REGISTER resolveIntent
#81 [٠٣:٤٠:٣٨.٩٧٣] S0 HOOK_REGISTER pushDynamicShortcut
#82 [٠٣:٤٠:٣٨.٩٧٣] S0 HOOK_REGISTER createShortcutResultIntent
#83 [٠٣:٤٠:٣٨.٩٧٣] S0 HOOK_REGISTER addDynamicShortcuts
#84 [٠٣:٤٠:٣٨.٩٧٤] S0 HOOK_REGISTER setDynamicShortcuts
#85 [٠٣:٤٠:٣٨.٩٧٤] S0 HOOK_REGISTER requestPinShortcut
#86 [٠٣:٤٠:٣٨.٩٧٧] S0 HOOK_REGISTER setExtraLocationControllerPackageEnabled
#87 [٠٣:٤٠:٣٨.٩٧٧] S0 HOOK_REGISTER isProviderEnabledForUser
#88 [٠٣:٤٠:٣٨.٩٧٧] S0 HOOK_REGISTER getAllProviders
#89 [٠٣:٤٠:٣٨.٩٧٧] S0 HOOK_REGISTER getBestProvider
#90 [٠٣:٤٠:٣٨.٩٧٨] S0 HOOK_REGISTER removeGpsStatusListener
#91 [٠٣:٤٠:٣٨.٩٧٨] S0 HOOK_REGISTER getProviderProperties
#92 [٠٣:٤٠:٣٨.٩٧٨] S0 HOOK_REGISTER removeUpdates
#93 [٠٣:٤٠:٣٨.٩٧٩] S0 HOOK_REGISTER requestLocationUpdates
#94 [٠٣:٤٠:٣٨.٩٧٩] S0 HOOK_REGISTER getLastKnownLocation
#95 [٠٣:٤٠:٣٨.٩٧٩] S0 HOOK_REGISTER getLastLocation
#96 [٠٣:٤٠:٣٨.٩٧٩] S0 HOOK_REGISTER registerGnssStatusCallback
#97 [٠٣:٤٠:٣٨.٩٨٠] S0 HOOK_REGISTER getApplicationRestrictions
#98 [٠٣:٤٠:٣٨.٩٨٢] S0 HOOK_REGISTER unregisterAccountListener
#99 [٠٣:٤٠:٣٨.٩٨٢] S0 HOOK_REGISTER registerAccountListener
#100 [٠٣:٤٠:٣٨.٩٨٣] S0 HOOK_REGISTER getAccountsAndVisibilityForPackage
#101 [٠٣:٤٠:٣٨.٩٨٣] S0 HOOK_REGISTER getAccountVisibility
#102 [٠٣:٤٠:٣٨.٩٨٣] S0 HOOK_REGISTER setAccountVisibility
#103 [٠٣:٤٠:٣٨.٩٨٣] S0 HOOK_REGISTER addAccountExplicitlyWithVisibility
#104 [٠٣:٤٠:٣٨.٩٨٣] S0 HOOK_REGISTER getPackagesAndVisibilityForAccount
#105 [٠٣:٤٠:٣٨.٩٨٤] S0 HOOK_REGISTER getAuthTokenLabel
#106 [٠٣:٤٠:٣٨.٩٨٤] S0 HOOK_REGISTER accountAuthenticated
#107 [٠٣:٤٠:٣٨.٩٨٤] S0 HOOK_REGISTER confirmCredentialsAsUser
#108 [٠٣:٤٠:٣٨.٩٨٤] S0 HOOK_REGISTER editProperties
#109 [٠٣:٤٠:٣٨.٩٨٥] S0 HOOK_REGISTER updateCredentials
#110 [٠٣:٤٠:٣٨.٩٨٥] S0 HOOK_REGISTER addAccountAsUser
#111 [٠٣:٤٠:٣٨.٩٨٥] S0 HOOK_REGISTER addAccount
#112 [٠٣:٤٠:٣٨.٩٨٥] S0 HOOK_REGISTER getAuthToken
#113 [٠٣:٤٠:٣٨.٩٨٥] S0 HOOK_REGISTER updateAppPermission
#114 [٠٣:٤٠:٣٨.٩٨٦] S0 HOOK_REGISTER setUserData
#115 [٠٣:٤٠:٣٨.٩٨٦] S0 HOOK_REGISTER clearPassword
#116 [٠٣:٤٠:٣٨.٩٨٦] S0 HOOK_REGISTER setPassword
#117 [٠٣:٤٠:٣٨.٩٨٦] S0 HOOK_REGISTER setAuthToken
#118 [٠٣:٤٠:٣٨.٩٨٧] S0 HOOK_REGISTER peekAuthToken
#119 [٠٣:٤٠:٣٨.٩٨٧] S0 HOOK_REGISTER invalidateAuthToken
#120 [٠٣:٤٠:٣٨.٩٨٧] S0 HOOK_REGISTER copyAccountToUser
#121 [٠٣:٤٠:٣٨.٩٨٧] S0 HOOK_REGISTER removeAccountExplicitly
#122 [٠٣:٤٠:٣٨.٩٨٧] S0 HOOK_REGISTER removeAccountAsUser
#123 [٠٣:٤٠:٣٨.٩٨٧] S0 HOOK_REGISTER addAccountExplicitly
#124 [٠٣:٤٠:٣٨.٩٨٨] S0 HOOK_REGISTER getAccountsAsUser
#125 [٠٣:٤٠:٣٨.٩٨٨] S0 HOOK_REGISTER getAccountsByFeatures
#126 [٠٣:٤٠:٣٨.٩٨٨] S0 HOOK_REGISTER getAccountByTypeAndFeatures
#127 [٠٣:٤٠:٣٨.٩٨٨] S0 HOOK_REGISTER getAccountsByTypeForPackage
#128 [٠٣:٤٠:٣٨.٩٨٩] S0 HOOK_REGISTER getAccountsForPackage
#129 [٠٣:٤٠:٣٨.٩٨٩] S0 HOOK_REGISTER getAuthenticatorTypes
#130 [٠٣:٤٠:٣٨.٩٨٩] S0 HOOK_REGISTER getUserData
#131 [٠٣:٤٠:٣٨.٩٨٩] S0 HOOK_REGISTER getPassword
#132 [٠٣:٤٠:٣٨.٩٩٠] S0 HOOK_REGISTER startActivityAsUser
#133 [٠٣:٤٠:٣٨.٩٩٠] S0 HOOK_REGISTER getTargetUserProfiles
#134 [٠٣:٤٠:٣٨.٩٩٢] S0 HOOK_REGISTER enqueue
#135 [٠٣:٤٠:٣٨.٩٩٢] S0 HOOK_REGISTER cancelAll
#136 [٠٣:٤٠:٣٨.٩٩٣] S0 HOOK_REGISTER cancel
#137 [٠٣:٤٠:٣٨.٩٩٣] S0 HOOK_REGISTER schedule
#138 [٠٣:٤٠:٣٨.٩٩٤] S0 HOOK_REGISTER executeGetCredential
#139 [٠٣:٤٠:٣٨.٩٩٦] S0 HOOK_REGISTER isHardwareDetected
#140 [٠٣:٤٠:٣٨.٩٩٦] S0 HOOK_REGISTER hasEnrolledFingerprints
#141 [٠٣:٤٠:٣٨.٩٩٧] S0 HOOK_REGISTER authenticate
#142 [٠٣:٤٠:٣٨.٩٩٧] S0 HOOK_REGISTER cancelAuthentication
#143 [٠٣:٤٠:٣٨.٩٩٧] S0 HOOK_REGISTER getEnrolledFingerprints
#144 [٠٣:٤٠:٣٨.٩٩٧] S0 HOOK_REGISTER getAuthenticatorId
#145 [٠٣:٤٠:٣٨.٩٩٨] S0 HOOK_REGISTER requestBufferForProcess
#146 [٠٣:٤٠:٣٨.٩٩٨] S0 HOOK_REGISTER startSession
#147 [٠٣:٤٠:٣٩.٠٠٠] S0 HOOK_REGISTER getSystemRoutesForPackage
#148 [٠٣:٤٠:٣٩.٠٠٠] S0 HOOK_REGISTER getSystemRoutes
#149 [٠٣:٤٠:٣٩.٠٠٠] S0 HOOK_REGISTER registerRouter2
#150 [٠٣:٤٠:٣٩.٠٠١] S0 HOOK_REGISTER registerClientAsUser
#151 [٠٣:٤٠:٣٩.٠٠٢] S0 HOOK_REGISTER getEnabledInputMethodList
#152 [٠٣:٤٠:٣٩.٠٠٢] S0 HOOK_REGISTER getInputMethodList
#153 [٠٣:٤٠:٣٩.٠٠٢] S0 HOOK_REGISTER startInputOrWindowGainedFocus
#154 [٠٣:٤٠:٣٩.٠٠٢] S0 HOOK_REGISTER windowGainedFocus
#155 [٠٣:٤٠:٣٩.٠٠٣] S0 HOOK_REGISTER startInput
#156 [٠٣:٤٠:٣٩.٠٠٤] S0 HOOK_REGISTER createSession
#157 [٠٣:٤٠:٣٩.٠٠٥] S0 HOOK_REGISTER establishVpn
#158 [٠٣:٤٠:٣٩.٠٠٥] S0 HOOK_REGISTER prepareVpn
#159 [٠٣:٤٠:٣٩.٠٠٥] S0 HOOK_REGISTER setVpnPackageAuthorization
#160 [٠٣:٤٠:٣٩.٠٠٨] S0 HOOK_REGISTER isDeviceProvisioned
#161 [٠٣:٤٠:٣٩.٠٠٩] S0 HOOK_REGISTER getProfileOwnerName
#162 [٠٣:٤٠:٣٩.٠٠٩] S0 HOOK_REGISTER getDeviceOwnerName
#163 [٠٣:٤٠:٣٩.٠٠٩] S0 HOOK_REGISTER getDeviceOwnerComponent
#164 [٠٣:٤٠:٣٩.٠٠٩] S0 HOOK_REGISTER getStorageEncryptionStatus
#165 [٠٣:٤٠:٣٩.٠١٢] S0 HOOK_REGISTER updateConfiguration
#166 [٠٣:٤٠:٣٩.٠١٢] S0 HOOK_REGISTER unregisterUidObserver
#167 [٠٣:٤٠:٣٩.٠١٢] S0 HOOK_REGISTER unregisterReceiver
#168 [٠٣:٤٠:٣٩.٠١٣] S0 HOOK_REGISTER setServiceForeground
#169 [٠٣:٤٠:٣٩.٠١٣] S0 HOOK_REGISTER setRequestedOrientation
#170 [٠٣:٤٠:٣٩.٠١٣] S0 HOOK_REGISTER registerUidObserver
#171 [٠٣:٤٠:٣٩.٠١٣] S0 HOOK_REGISTER getUidForIntentSender
#172 [٠٣:٤٠:٣٩.٠١٣] S0 HOOK_REGISTER getPackageForIntentSender
#173 [٠٣:٤٠:٣٩.٠١٣] S0 HOOK_REGISTER getHistoricalProcessExitReasons
#174 [٠٣:٤٠:٣٩.٠١٤] S0 HOOK_REGISTER getCurrentUser
#175 [٠٣:٤٠:٣٩.٠١٤] S0 HOOK_REGISTER finishReceiver
#176 [٠٣:٤٠:٣٩.٠١٤] S0 HOOK_REGISTER checkUriPermission
#177 [٠٣:٤٠:٣٩.٠١٤] S0 HOOK_REGISTER checkPermission
#178 [٠٣:٤٠:٣٩.٠١٥] S0 HOOK_REGISTER unbindService
#179 [٠٣:٤٠:٣٩.٠١٥] S0 HOOK_REGISTER stopServiceToken
#180 [٠٣:٤٠:٣٩.٠١٥] S0 HOOK_REGISTER stopService
#181 [٠٣:٤٠:٣٩.٠١٥] S0 HOOK_REGISTER startService
#182 [٠٣:٤٠:٣٩.٠١٥] S0 HOOK_REGISTER setTaskDescription
#183 [٠٣:٤٠:٣٩.٠١٥] S0 HOOK_REGISTER sendIntentSender
#184 [٠٣:٤٠:٣٩.٠١٦] S0 HOOK_REGISTER registerReceiverWithFeature
#185 [٠٣:٤٠:٣٩.٠١٦] S0 HOOK_REGISTER registerReceiver
#186 [٠٣:٤٠:٣٩.٠١٦] S0 HOOK_REGISTER publishService
#187 [٠٣:٤٠:٣٩.٠١٦] S0 HOOK_REGISTER peekService
#188 [٠٣:٤٠:٣٩.٠١٧] S0 HOOK_REGISTER grantUriPermission
#189 [٠٣:٤٠:٣٩.٠١٧] S0 HOOK_REGISTER getServices
#190 [٠٣:٤٠:٣٩.٠١٧] S0 HOOK_REGISTER getRunningAppProcesses
#191 [٠٣:٤٠:٣٩.٠١٧] S0 HOOK_REGISTER getIntentSenderWithSourceToken
#192 [٠٣:٤٠:٣٩.٠١٧] S0 HOOK_REGISTER getIntentSenderWithFeature
#193 [٠٣:٤٠:٣٩.٠١٨] S0 HOOK_REGISTER getIntentSender
#194 [٠٣:٤٠:٣٩.٠١٨] S0 HOOK_REGISTER getContentProvider
#195 [٠٣:٤٠:٣٩.٠١٨] S0 HOOK_REGISTER broadcastIntentWithFeature
#196 [٠٣:٤٠:٣٩.٠١٨] S0 HOOK_REGISTER broadcastIntent
#197 [٠٣:٤٠:٣٩.٠١٩] S0 HOOK_REGISTER bindServiceInstance
#198 [٠٣:٤٠:٣٩.٠١٩] S0 HOOK_REGISTER bindService
#199 [٠٣:٤٠:٣٩.٠١٩] S0 HOOK_REGISTER bindIsolatedService
#200 [٠٣:٤٠:٣٩.٠١٩] S0 HOOK_REGISTER getCallingPackage
#201 [٠٣:٤٠:٣٩.٠٢٠] S0 HOOK_REGISTER getCallingActivity
#202 [٠٣:٤٠:٣٩.٠٢٠] S0 HOOK_REGISTER startIntentSenderForResult
#203 [٠٣:٤٠:٣٩.٠٢٠] S0 HOOK_REGISTER startActivity
#204 [٠٣:٤٠:٣٩.٠٢٠] S0 HOOK_REGISTER startActivities
#205 [٠٣:٤٠:٣٩.٠٢٠] S0 HOOK_REGISTER getAppTasks
#206 [٠٣:٤٠:٣٩.٠٢٠] S0 HOOK_REGISTER finishActivity
#207 [٠٣:٤٠:٣٩.٠٢٠] S0 HOOK_REGISTER activityResumed
#208 [٠٣:٤٠:٣٩.٠٢١] S0 HOOK_REGISTER activityDestroyed
#209 [٠٣:٤٠:٣٩.٠٢٣] S0 HOOK_REGISTER setMicrophoneMute
#210 [٠٣:٤٠:٣٩.٠٢٣] S0 HOOK_REGISTER isHardwareDetected
#211 [٠٣:٤٠:٣٩.٠٢٤] S0 HOOK_REGISTER adjustVolume
#212 [٠٣:٤٠:٣٩.٠٢٤] S0 HOOK_REGISTER adjustLocalOrRemoteStreamVolume
#213 [٠٣:٤٠:٣٩.٠٢٤] S0 HOOK_REGISTER adjustSuggestedStreamVolume
#214 [٠٣:٤٠:٣٩.٠٢٤] S0 HOOK_REGISTER adjustStreamVolume
#215 [٠٣:٤٠:٣٩.٠٢٥] S0 HOOK_REGISTER adjustMasterVolume
#216 [٠٣:٤٠:٣٩.٠٢٥] S0 HOOK_REGISTER setStreamVolume
#217 [٠٣:٤٠:٣٩.٠٢٥] S0 HOOK_REGISTER setMasterVolume
#218 [٠٣:٤٠:٣٩.٠٢٥] S0 HOOK_REGISTER setRingerModeExternal
#219 [٠٣:٤٠:٣٩.٠٢٥] S0 HOOK_REGISTER setRingerModeInternal
#220 [٠٣:٤٠:٣٩.٠٢٥] S0 HOOK_REGISTER setMode
#221 [٠٣:٤٠:٣٩.٠٢٥] S0 HOOK_REGISTER avrcpSupportsAbsoluteVolume
#222 [٠٣:٤٠:٣٩.٠٢٦] S0 HOOK_REGISTER abandonAudioFocus
#223 [٠٣:٤٠:٣٩.٠٢٦] S0 HOOK_REGISTER requestAudioFocus
#224 [٠٣:٤٠:٣٩.٠٢٦] S0 HOOK_REGISTER setWiredDeviceConnectionState
#225 [٠٣:٤٠:٣٩.٠٢٦] S0 HOOK_REGISTER setSpeakerphoneOn
#226 [٠٣:٤٠:٣٩.٠٢٦] S0 HOOK_REGISTER setBluetoothScoOn
#227 [٠٣:٤٠:٣٩.٠٢٧] S0 HOOK_REGISTER stopBluetoothSco
#228 [٠٣:٤٠:٣٩.٠٢٧] S0 HOOK_REGISTER startBluetoothSco
#229 [٠٣:٤٠:٣٩.٠٢٧] S0 HOOK_REGISTER disableSafeMediaVolume
#230 [٠٣:٤٠:٣٩.٠٢٧] S0 HOOK_REGISTER registerRemoteControlClient
#231 [٠٣:٤٠:٣٩.٠٢٧] S0 HOOK_REGISTER unregisterAudioFocusClient
#232 [٠٣:٤٠:٣٩.٠٢٨] S0 HOOK_REGISTER getSerialForPackage
#233 [٠٣:٤٠:٣٩.٠٢٩] S0 HOOK_REGISTER getUsers
#234 [٠٣:٤٠:٣٩.٠٢٩] S0 HOOK_REGISTER getProfileParent
#235 [٠٣:٤٠:٣٩.٠٣٠] S0 HOOK_REGISTER getApplicationRestrictions
#236 [٠٣:٤٠:٣٩.٠٣٠] S0 HOOK_REGISTER hasScheduleExactAlarm
#237 [٠٣:٤٠:٣٩.٠٣١] S0 HOOK_REGISTER canScheduleExactAlarms
#238 [٠٣:٤٠:٣٩.٠٣١] S0 HOOK_REGISTER setTime
#239 [٠٣:٤٠:٣٩.٠٣١] S0 HOOK_REGISTER setTimeZone
#240 [٠٣:٤٠:٣٩.٠٣٢] S0 HOOK_REGISTER set
#241 [٠٣:٤٠:٣٩.٠٣٣] S0 HOOK_REGISTER execve
#242 [٠٣:٤٠:٣٩.٠٣٣] S0 HOOK_REGISTER stat
#243 [٠٣:٤٠:٣٩.٠٣٣] S0 HOOK_REGISTER getuid
#244 [٠٣:٤٠:٣٩.٠٣٥] S0 HOOK_REGISTER noteOperation
#245 [٠٣:٤٠:٣٩.٠٣٥] S0 HOOK_REGISTER checkOperation
#246 [٠٣:٤٠:٣٩.٠٣٥] S0 HOOK_REGISTER checkPackage
#247 [٠٣:٤٠:٣٩.٠٣٥] S0 HOOK_REGISTER noteProxyOperation
#248 [٠٣:٤٠:٣٩.٠٣٧] S0 HOOK_REGISTER notifyChange
#249 [٠٣:٤٠:٣٩.٠٣٧] S0 HOOK_REGISTER registerContentObserver
#250 [٠٣:٤٠:٣٩.٠٣٨] S0 HOOK_REGISTER interrupt
#251 [٠٣:٤٠:٣٩.٠٣٩] S0 HOOK_REGISTER sendAccessibilityEvent
#252 [٠٣:٤٠:٣٩.٠٣٩] S0 HOOK_REGISTER addClient
#253 [٠٣:٤٠:٣٩.٠٣٩] S0 HOOK_REGISTER getInstalledAccessibilityServiceList
#254 [٠٣:٤٠:٣٩.٠٣٩] S0 HOOK_REGISTER getEnabledAccessibilityServiceList
#255 [٠٣:٤٠:٣٩.٠٣٩] S0 HOOK_REGISTER addAccessibilityInteractionConnection
#256 [٠٣:٤٠:٣٩.٠٣٩] S0 HOOK_REGISTER getWindowToken
#257 [٠٣:٤٠:٣٩.٠٤١] S0 HOOK_REGISTER isPackageWaterfallExpanded
#258 [٠٣:٤٠:٣٩.٠٤٢] S0 HOOK_REGISTER setScreenCaptureDisabled
#259 [٠٣:٤٠:٣٩.٠٤٢] S0 HOOK_REGISTER addAppToken
#260 [٠٣:٤٠:٣٩.٠٤٢] S0 HOOK_REGISTER overridePendingAppTransition
#261 [٠٣:٤٠:٣٩.٠٤٢] S0 HOOK_REGISTER overridePendingAppTransitionInPlace
#262 [٠٣:٤٠:٣٩.٠٤٢] S0 HOOK_REGISTER setAppStartingWindow
#263 [٠٣:٤٠:٣٩.٠٤٣] S0 HOOK_REGISTER openSession
#264 [٠٣:٤٠:٣٩.٠٤٤] S0 HOOK_REGISTER dataChanged
#265 [٠٣:٤٠:٣٩.٠٤٤] S0 HOOK_REGISTER clearBackupData
#266 [٠٣:٤٠:٣٩.٠٤٤] S0 HOOK_REGISTER agentConnected
#267 [٠٣:٤٠:٣٩.٠٤٥] S0 HOOK_REGISTER agentDisconnected
#268 [٠٣:٤٠:٣٩.٠٤٥] S0 HOOK_REGISTER restoreAtInstall
#269 [٠٣:٤٠:٣٩.٠٤٥] S0 HOOK_REGISTER setBackupEnabled
#270 [٠٣:٤٠:٣٩.٠٤٥] S0 HOOK_REGISTER setBackupProvisioned
#271 [٠٣:٤٠:٣٩.٠٤٥] S0 HOOK_REGISTER backupNow
#272 [٠٣:٤٠:٣٩.٠٤٥] S0 HOOK_REGISTER fullBackup
#273 [٠٣:٤٠:٣٩.٠٤٦] S0 HOOK_REGISTER fullTransportBackup
#274 [٠٣:٤٠:٣٩.٠٤٦] S0 HOOK_REGISTER fullRestore
#275 [٠٣:٤٠:٣٩.٠٤٦] S0 HOOK_REGISTER acknowledgeFullBackupOrRestore
#276 [٠٣:٤٠:٣٩.٠٤٦] S0 HOOK_REGISTER getCurrentTransport
#277 [٠٣:٤٠:٣٩.٠٤٦] S0 HOOK_REGISTER listAllTransports
#278 [٠٣:٤٠:٣٩.٠٤٦] S0 HOOK_REGISTER selectBackupTransport
#279 [٠٣:٤٠:٣٩.٠٤٧] S0 HOOK_REGISTER isBackupEnabled
#280 [٠٣:٤٠:٣٩.٠٤٧] S0 HOOK_REGISTER setBackupPassword
#281 [٠٣:٤٠:٣٩.٠٤٧] S0 HOOK_REGISTER hasBackupPassword
#282 [٠٣:٤٠:٣٩.٠٤٧] S0 HOOK_REGISTER beginRestoreSession
#283 [٠٣:٤٠:٣٩.٠٤٩] S0 HOOK_REGISTER mkdirs
#284 [٠٣:٤٠:٣٩.٠٤٩] S0 HOOK_REGISTER getVolumeList
#285 [٠٣:٤٠:٣٩.٠٤٩] S0 HOOK_REGISTER fixupAppDir
#286 [٠٣:٤٠:٣٩.٠٩٤] S0 GUEST_callApplicationOnCreate
#287 [٠٣:٤٠:٣٩.٠٩٥] S0 APP_onCreate
