----------------------------------------
Diagnostic Summary
----------------------------------------
Session ID: 0
Process PID: 7499
Duration: 0m 2s
Events Logged: 4
LoginSessions: 0
startActivity: 0
blockedHttpView: 0
onNewIntent: 0
Exceptions: 0
Export Status: SUCCESS
Output File:
Download/pubg_diag_7499.log
----------------------------------------

---- FULL LOG (oldest first) ----
#1 [٠٣:٣٩:١٩.٠٨٣] S0 LOADLIB_boxapp_ok
#2 [٠٣:٣٩:١٩.٠٨٦] S0 APP_attachBaseContext
#3 [٠٣:٣٩:١٩.٠٨٧] S0 CRASH_HANDLER_INSTALLED
#4 [٠٣:٣٩:١٩.١٧٦] S0 APP_onCreate
