----------------------------------------
Diagnostic Summary
----------------------------------------
Session ID: 0
Process PID: 21234
Duration: 0m 2s
Events Logged: 4
LoginSessions: 0
startActivity: 0
blockedHttpView: 0
onNewIntent: 0
Exceptions: 0
Export Status: SUCCESS
Output File:
Download/pubg_diag_21234.log
----------------------------------------

---- FULL LOG (oldest first) ----
#1 [٠٣:٤٠:٣٨.١٩٩] S0 LOADLIB_boxapp_ok
#2 [٠٣:٤٠:٣٨.٢٠١] S0 APP_attachBaseContext
#3 [٠٣:٤٠:٣٨.٢٠٢] S0 CRASH_HANDLER_INSTALLED
#4 [٠٣:٤٠:٣٨.٢٩١] S0 APP_onCreate
